[debug] [2021-09-25T16:03:11.554Z] ----------------------------------------------------------------------
[debug] [2021-09-25T16:03:11.556Z] Command:       E:\Node js\node.exe C:\Users\user\AppData\Roaming\npm\node_modules\firebase-tools\lib\bin\firebase.js init
[debug] [2021-09-25T16:03:11.557Z] CLI Version:   9.18.0
[debug] [2021-09-25T16:03:11.557Z] Platform:      win32
[debug] [2021-09-25T16:03:11.557Z] Node Version:  v14.17.0
[debug] [2021-09-25T16:03:11.558Z] Time:          Sat Sep 25 2021 21:33:11 GMT+0530 (India Standard Time)
[debug] [2021-09-25T16:03:11.558Z] ----------------------------------------------------------------------
[debug] 
[debug] [2021-09-25T16:03:11.566Z] > command requires scopes: ["email","openid","https://www.googleapis.com/auth/cloudplatformprojects.readonly","https://www.googleapis.com/auth/firebase","https://www.googleapis.com/auth/cloud-platform"]
[debug] [2021-09-25T16:03:11.566Z] > authorizing via signed-in user (rohitcode123@gmail.com)
[info] 
     ######## #### ########  ######## ########     ###     ######  ########
     ##        ##  ##     ## ##       ##     ##  ##   ##  ##       ##
     ######    ##  ########  ######   ########  #########  ######  ######
     ##        ##  ##    ##  ##       ##     ## ##     ##       ## ##
     ##       #### ##     ## ######## ########  ##     ##  ######  ########

You're about to initialize a Firebase project in this directory:

  C:\Users\user\Desktop\React\reactapp

[info] 
=== Project Setup
[info] 
[info] First, let's associate this project directory with a Firebase project.
[info] You can create multiple project aliases by running firebase use --add, 
[info] but for now we'll just set up a default project.
[info] 
[debug] [2021-09-25T16:03:38.742Z] >>> [apiv2][query] GET https://firebase.googleapis.com/v1beta1/projects pageSize=100
[debug] [2021-09-25T16:03:39.845Z] <<< [apiv2][status] GET https://firebase.googleapis.com/v1beta1/projects 200
[debug] [2021-09-25T16:03:39.845Z] <<< [apiv2][body] GET https://firebase.googleapis.com/v1beta1/projects [omitted]
[info] i  Using project reactapp-af918 (ReactApp) 
[info] 
=== Remoteconfig Setup
